#-----------------------------------------------------------
# Vivado v2016.1_sda (64-bit)
# SW Build 1577803 on Fri Jun  3 13:23:04 MDT 2016
# IP Build 1571375 on Wed May 25 13:03:24 MDT 2016
# Start of session at: Fri Jan  2 07:25:10 2009
# Process ID: 3056
# Current directory: /home/shuowang/workspace/SDA_examples_2016.1/kernel_global/prj_hw_7v3_1ddr/pkg/pcie/firmware
# Command line: vivado
# Log file: /home/shuowang/workspace/SDA_examples_2016.1/kernel_global/prj_hw_7v3_1ddr/pkg/pcie/firmware/vivado.log
# Journal file: /home/shuowang/workspace/SDA_examples_2016.1/kernel_global/prj_hw_7v3_1ddr/pkg/pcie/firmware/vivado.jou
#-----------------------------------------------------------
start_gui
open_hw
INFO: [IP_Flow 19-234] Refreshing IP repositories
INFO: [IP_Flow 19-1704] No user IP repositories specified
INFO: [IP_Flow 19-2313] Loaded Vivado IP repository '/opt/Xilinx/SDAccel/2016.1/Vivado/data/ip'.
connect_hw_server
INFO: [Labtools 27-2285] Connecting to hw_server url TCP:localhost:3121
INFO: [Labtools 27-2222] Launching hw_server...
INFO: [Labtools 27-2221] Launch Output:

WARNING: Unable to find common Xilinx tools. Automatic updates and 
         license management will be disabled.


****** Xilinx hw_server v2016.1_sda
  **** Build date : Jun  3 2016-13:57:37
    ** Copyright 1986-2016 Xilinx, Inc. All Rights Reserved.


ERROR: [Labtoolstcl 44-494] There is no active target available for server at localhost.
 Targets(s) ", jsn1jsn2jsn3" may be locked by another hw_server.
refresh_hw_server {localhost:3121}
WARNING: [Labtoolstcl 44-27] No hardware targets exist on the server [localhost:3121]
Check to make sure the cable targets connected to this machine are properly connected
and powered up, then use the refresh_hw_server command to re-register the hardware targets.
disconnect_hw_server localhost:3121
INFO: [Labtools 27-2285] Connecting to hw_server url TCP:localhost:3121
disconnect_hw_server localhost:3121
INFO: [Labtools 27-2285] Connecting to hw_server url TCP:localhost:3121
disconnect_hw_server localhost:3121
INFO: [Labtools 27-2285] Connecting to hw_server url TCP:localhost:3121
exit
INFO: [Common 17-206] Exiting Vivado at Fri Jan  2 07:26:05 2009...
